<?xml version="1.0" encoding="UTF-8"?>
<testsuite xmlns:xsi="http://www.w3.org/2001/XMLSchema-instance" xsi:noNamespaceSchemaLocation="https://maven.apache.org/surefire/maven-surefire-plugin/xsd/surefire-test-report-3.0.xsd" version="3.0" name="http.HttpParserTest" time="0.127" tests="6" errors="0" skipped="0" failures="0">
  <properties>
[...]
</properties>
  <testcase name="parserHttpRequest" classname="http.HttpParserTest" time="0.02">
    <system-out><![CDATA[23:46:38.002 [main] DEBUG http.HttpParser - Request Line Method to Process :GET
23:46:38.005 [main] DEBUG http.HttpParser - Request Line Target to Process :/
23:46:38.005 [main] DEBUG http.HttpParser - Request Line Version to Process :HTTP/1.1
]]></system-out>
  </testcase>
  <testcase name="parserBadHttpRequestIncorrectCRLFnoLF" classname="http.HttpParserTest" time="0.0">
    <system-out><![CDATA[23:46:38.014 [main] DEBUG http.HttpParser - Request Line Method to Process :GET
23:46:38.014 [main] DEBUG http.HttpParser - Request Line Target to Process :/
]]></system-out>
  </testcase>
  <testcase name="parserBadHttpRequestInvalidNumberOfItems" classname="http.HttpParserTest" time="0.0">
    <system-out><![CDATA[23:46:38.014 [main] DEBUG http.HttpParser - Request Line Method to Process :GET
23:46:38.014 [main] DEBUG http.HttpParser - Request Line Target to Process :/
]]></system-out>
  </testcase>
  <testcase name="parserBadHttpRequestEmptyRequestLine" classname="http.HttpParserTest" time="0.0">
    <system-out><![CDATA[23:46:38.014 [main] DEBUG http.HttpParser - Request Line Version to Process :
]]></system-out>
  </testcase>
  <testcase name="parserBadHttpRequest1" classname="http.HttpParserTest" time="0.0">
    <system-out><![CDATA[23:46:38.014 [main] DEBUG http.HttpParser - Request Line Method to Process :GeT
]]></system-out>
  </testcase>
  <testcase name="parserBadHttpRequest2" classname="http.HttpParserTest" time="0.0"/>
</testsuite>